<?xml version="1.0" encoding="UTF-8"?>
<testng-results ignored="0" total="1" passed="1" failed="0" skipped="0">
  <reporter-output>
  </reporter-output>
  <suite started-at="2021-01-27T19:04:36 PET" name="Default suite" finished-at="2021-01-27T19:04:44 PET" duration-ms="8825">
    <groups>
    </groups>
    <test started-at="2021-01-27T19:04:36 PET" name="Default test" finished-at="2021-01-27T19:04:44 PET" duration-ms="8825">
      <class name="test.TestNG_Demo">
        <test-method is-config="true" signature="setUpTest()[pri:0, instance:test.TestNG_Demo@59af0466]" started-at="2021-01-27T19:04:36 PET" name="setUpTest" finished-at="2021-01-27T19:04:40 PET" duration-ms="4845" status="PASS">
          <reporter-output>
          </reporter-output>
        </test-method> <!-- setUpTest -->
        <test-method signature="googleSearch()[pri:0, instance:test.TestNG_Demo@59af0466]" started-at="2021-01-27T19:04:40 PET" name="googleSearch" finished-at="2021-01-27T19:04:44 PET" duration-ms="3185" status="PASS">
          <reporter-output>
          </reporter-output>
        </test-method> <!-- googleSearch -->
        <test-method is-config="true" signature="TearDownTest()[pri:0, instance:test.TestNG_Demo@59af0466]" started-at="2021-01-27T19:04:44 PET" name="TearDownTest" finished-at="2021-01-27T19:04:44 PET" duration-ms="756" status="PASS">
          <reporter-output>
          </reporter-output>
        </test-method> <!-- TearDownTest -->
      </class> <!-- test.TestNG_Demo -->
    </test> <!-- Default test -->
  </suite> <!-- Default suite -->
</testng-results>
